<?xml version="1.0" encoding="UTF-8"?>
<testng-results skipped="0" failed="0" total="2" passed="2">
  <reporter-output>
  </reporter-output>
  <suite name="tests.runner.TestRunnerSuit" duration-ms="55982" started-at="2021-02-04T11:38:05Z" finished-at="2021-02-04T11:39:01Z">
    <groups>
      <group name="cucumber">
        <method signature="AbstractTestNGCucumberTests.feature(cucumber.api.testng.CucumberFeatureWrapper)[pri:0, instance:tests.runner.TestRunnerSuit@62043840]" name="feature" class="cucumber.api.testng.AbstractTestNGCucumberTests"/>
      </group> <!-- cucumber -->
    </groups>
    <test name="Command line test" duration-ms="55982" started-at="2021-02-04T11:38:05Z" finished-at="2021-02-04T11:39:01Z">
      <class name="tests.runner.TestRunnerSuit">
        <test-method status="PASS" signature="setUpClass()[pri:0, instance:tests.runner.TestRunnerSuit@62043840]" name="setUpClass" is-config="true" duration-ms="239" started-at="2021-02-04T14:38:05Z" finished-at="2021-02-04T14:38:05Z">
          <reporter-output>
          </reporter-output>
        </test-method> <!-- setUpClass -->
        <test-method status="PASS" signature="feature(cucumber.api.testng.CucumberFeatureWrapper)[pri:0, instance:tests.runner.TestRunnerSuit@62043840]" name="feature" duration-ms="40897" started-at="2021-02-04T14:38:06Z" description="Runs Cucumber Feature" data-provider="features" finished-at="2021-02-04T14:38:46Z">
          <params>
            <param index="0">
              <value>
                <![CDATA[Product Detail section]]>
              </value>
            </param>
          </params>
          <reporter-output>
          </reporter-output>
        </test-method> <!-- feature -->
        <test-method status="PASS" signature="feature(cucumber.api.testng.CucumberFeatureWrapper)[pri:0, instance:tests.runner.TestRunnerSuit@62043840]" name="feature" duration-ms="14746" started-at="2021-02-04T14:38:46Z" description="Runs Cucumber Feature" data-provider="features" finished-at="2021-02-04T14:39:01Z">
          <params>
            <param index="0">
              <value>
                <![CDATA[Search section]]>
              </value>
            </param>
          </params>
          <reporter-output>
          </reporter-output>
        </test-method> <!-- feature -->
        <test-method status="PASS" signature="tearDownClass()[pri:0, instance:tests.runner.TestRunnerSuit@62043840]" name="tearDownClass" is-config="true" duration-ms="5" started-at="2021-02-04T14:39:01Z" finished-at="2021-02-04T14:39:01Z">
          <reporter-output>
          </reporter-output>
        </test-method> <!-- tearDownClass -->
      </class> <!-- tests.runner.TestRunnerSuit -->
    </test> <!-- Command line test -->
  </suite> <!-- tests.runner.TestRunnerSuit -->
</testng-results>
